Using pre-set license
Built from '2022.3/release' branch; Version is '2022.3.5f1 (9674261d40ee) revision 9860134'; Using compiler version '192829333'; Build Type 'Release'
OS: 'Windows 11  (10.0.22621) 64bit CoreSingleLanguage' Language: 'en' Physical Memory: 8043 MB
BatchMode: 1, IsHumanControllingUs: 0, StartBugReporterOnCrash: 0, Is64bit: 1, IsPro: 1

COMMAND LINE ARGUMENTS:
D:\App\2022.3.5f1\Editor\Unity.exe
-adb2
-batchMode
-noUpm
-name
AssetImportWorker1
-projectPath
D:/Product/major/2023-2024/Game Advanced/Horror-Game-Unity/Lesson1
-logFile
Logs/AssetImportWorker1.log
-srvPort
59965
Successfully changed project path to: D:/Product/major/2023-2024/Game Advanced/Horror-Game-Unity/Lesson1
D:/Product/major/2023-2024/Game Advanced/Horror-Game-Unity/Lesson1
[UnityMemory] Configuration Parameters - Can be set up in boot.config
    "memorysetup-bucket-allocator-granularity=16"
    "memorysetup-bucket-allocator-bucket-count=8"
    "memorysetup-bucket-allocator-block-size=33554432"
    "memorysetup-bucket-allocator-block-count=8"
    "memorysetup-main-allocator-block-size=16777216"
    "memorysetup-thread-allocator-block-size=16777216"
    "memorysetup-gfx-main-allocator-block-size=16777216"
    "memorysetup-gfx-thread-allocator-block-size=16777216"
    "memorysetup-cache-allocator-block-size=4194304"
    "memorysetup-typetree-allocator-block-size=2097152"
    "memorysetup-profiler-bucket-allocator-granularity=16"
    "memorysetup-profiler-bucket-allocator-bucket-count=8"
    "memorysetup-profiler-bucket-allocator-block-size=33554432"
    "memorysetup-profiler-bucket-allocator-block-count=8"
    "memorysetup-profiler-allocator-block-size=16777216"
    "memorysetup-profiler-editor-allocator-block-size=1048576"
    "memorysetup-temp-allocator-size-main=16777216"
    "memorysetup-job-temp-allocator-block-size=2097152"
    "memorysetup-job-temp-allocator-block-size-background=1048576"
    "memorysetup-job-temp-allocator-reduction-small-platforms=262144"
    "memorysetup-allocator-temp-initial-block-size-main=262144"
    "memorysetup-allocator-temp-initial-block-size-worker=262144"
    "memorysetup-temp-allocator-size-background-worker=32768"
    "memorysetup-temp-allocator-size-job-worker=262144"
    "memorysetup-temp-allocator-size-preload-manager=33554432"
    "memorysetup-temp-allocator-size-nav-mesh-worker=65536"
    "memorysetup-temp-allocator-size-audio-worker=65536"
    "memorysetup-temp-allocator-size-cloud-worker=32768"
    "memorysetup-temp-allocator-size-gi-baking-worker=262144"
    "memorysetup-temp-allocator-size-gfx=262144"
Player connection [13856] Host "[IP] 172.19.64.1 [Port] 0 [Flags] 2 [Guid] 397901309 [EditorId] 397901309 [Version] 1048832 [Id] WindowsEditor(7,KURONGO) [Debug] 1 [PackageName] WindowsEditor [ProjectName] Editor" joined multi-casting on [225.0.0.222:54997]...

Player connection [13856] Host "[IP] 172.19.64.1 [Port] 0 [Flags] 2 [Guid] 397901309 [EditorId] 397901309 [Version] 1048832 [Id] WindowsEditor(7,KURONGO) [Debug] 1 [PackageName] WindowsEditor [ProjectName] Editor" joined alternative multi-casting on [225.0.0.222:34997]...

Refreshing native plugins compatible for Editor in 35.86 ms, found 3 plugins.
Preloading 0 native plugins for Editor in 0.00 ms.
Initialize engine version: 2022.3.5f1 (9674261d40ee)
[Subsystems] Discovering subsystems at path D:/App/2022.3.5f1/Editor/Data/Resources/UnitySubsystems
[Subsystems] Discovering subsystems at path D:/Product/major/2023-2024/Game Advanced/Horror-Game-Unity/Lesson1/Assets
GfxDevice: creating device client; threaded=0; jobified=0
Direct3D:
    Version:  Direct3D 11.0 [level 11.1]
    Renderer: Intel(R) UHD Graphics 620 (ID=0x3ea0)
    Vendor:   Intel
    VRAM:     4021 MB
    Driver:   27.20.100.8681
Initialize mono
Mono path[0] = 'D:/App/2022.3.5f1/Editor/Data/Managed'
Mono path[1] = 'D:/App/2022.3.5f1/Editor/Data/MonoBleedingEdge/lib/mono/unityjit-win32'
Mono config path = 'D:/App/2022.3.5f1/Editor/Data/MonoBleedingEdge/etc'
Using monoOptions --debugger-agent=transport=dt_socket,embedding=1,server=y,suspend=n,address=127.0.0.1:56060
Begin MonoManager ReloadAssembly
Registering precompiled unity dll's ...
Register platform support module: D:/App/2022.3.5f1/Editor/Data/PlaybackEngines/WebGLSupport/UnityEditor.WebGL.Extensions.dll
Register platform support module: D:/App/2022.3.5f1/Editor/Data/PlaybackEngines/WindowsStandaloneSupport/UnityEditor.WindowsStandalone.Extensions.dll
Registered in 0.013582 seconds.
- Loaded All Assemblies, in  1.262 seconds
Native extension for WindowsStandalone target not found
Native extension for WebGL target not found
Mono: successfully reloaded assembly
- Finished resetting the current domain, in  0.859 seconds
Domain Reload Profiling: 2121ms
	BeginReloadAssembly (388ms)
		ExecutionOrderSort (0ms)
		DisableScriptedObjects (0ms)
		BackupInstance (0ms)
		ReleaseScriptingObjects (0ms)
		CreateAndSetChildDomain (3ms)
	RebuildCommonClasses (139ms)
	RebuildNativeTypeToScriptingClass (48ms)
	initialDomainReloadingComplete (177ms)
	LoadAllAssembliesAndSetupDomain (508ms)
		LoadAssemblies (385ms)
		RebuildTransferFunctionScriptingTraits (0ms)
		AnalyzeDomain (499ms)
			TypeCache.Refresh (496ms)
				TypeCache.ScanAssembly (459ms)
			ScanForSourceGeneratedMonoScriptInfo (1ms)
			ResolveRequiredComponents (2ms)
	FinalizeReload (860ms)
		ReleaseScriptCaches (0ms)
		RebuildScriptCaches (0ms)
		SetupLoadedEditorAssemblies (668ms)
			LogAssemblyErrors (0ms)
			InitializePlatformSupportModulesInManaged (23ms)
			SetLoadedEditorAssemblies (15ms)
			RefreshPlugins (0ms)
			BeforeProcessingInitializeOnLoad (7ms)
			ProcessInitializeOnLoadAttributes (471ms)
			ProcessInitializeOnLoadMethodAttributes (152ms)
			AfterProcessingInitializeOnLoad (0ms)
			EditorAssembliesLoaded (0ms)
		ExecutionOrderSort2 (0ms)
		AwakeInstancesAfterBackupRestoration (0ms)
========================================================================
Worker process is ready to serve import requests
Begin MonoManager ReloadAssembly
Symbol file LoadedFromMemory doesn't match image D:\Product\major\2023-2024\Game Advanced\Horror-Game-Unity\Lesson1\Library\PackageCache\com.unity.visualscripting@1.8.0\Editor\VisualScripting.Core\Dependencies\YamlDotNet\Unity.VisualScripting.YamlDotNet.dll
Symbol file LoadedFromMemory doesn't match image D:\Product\major\2023-2024\Game Advanced\Horror-Game-Unity\Lesson1\Library\PackageCache\com.unity.visualscripting@1.8.0\Editor\VisualScripting.Core\Dependencies\DotNetZip\Unity.VisualScripting.IonicZip.dll
- Loaded All Assemblies, in  2.710 seconds
Refreshing native plugins compatible for Editor in 8.49 ms, found 3 plugins.
Native extension for WindowsStandalone target not found
Native extension for WebGL target not found
Mono: successfully reloaded assembly
- Finished resetting the current domain, in  1.939 seconds
Domain Reload Profiling: 4650ms
	BeginReloadAssembly (367ms)
		ExecutionOrderSort (0ms)
		DisableScriptedObjects (19ms)
		BackupInstance (0ms)
		ReleaseScriptingObjects (0ms)
		CreateAndSetChildDomain (59ms)
	RebuildCommonClasses (116ms)
	RebuildNativeTypeToScriptingClass (34ms)
	initialDomainReloadingComplete (175ms)
	LoadAllAssembliesAndSetupDomain (2016ms)
		LoadAssemblies (797ms)
		RebuildTransferFunctionScriptingTraits (0ms)
		AnalyzeDomain (1388ms)
			TypeCache.Refresh (1292ms)
				TypeCache.ScanAssembly (1256ms)
			ScanForSourceGeneratedMonoScriptInfo (51ms)
			ResolveRequiredComponents (44ms)
	FinalizeReload (1940ms)
		ReleaseScriptCaches (0ms)
		RebuildScriptCaches (0ms)
		SetupLoadedEditorAssemblies (1151ms)
			LogAssemblyErrors (0ms)
			InitializePlatformSupportModulesInManaged (16ms)
			SetLoadedEditorAssemblies (12ms)
			RefreshPlugins (0ms)
			BeforeProcessingInitializeOnLoad (198ms)
			ProcessInitializeOnLoadAttributes (854ms)
			ProcessInitializeOnLoadMethodAttributes (64ms)
			AfterProcessingInitializeOnLoad (5ms)
			EditorAssembliesLoaded (0ms)
		ExecutionOrderSort2 (0ms)
		AwakeInstancesAfterBackupRestoration (21ms)
Launched and connected shader compiler UnityShaderCompiler.exe after 0.23 seconds
Refreshing native plugins compatible for Editor in 11.73 ms, found 3 plugins.
Preloading 0 native plugins for Editor in 0.00 ms.
Unloading 3243 Unused Serialized files (Serialized files now loaded: 0)
Unloading 42 unused Assets / (1.3 MB). Loaded Objects now: 3726.
Memory consumption went from 147.5 MB to 146.2 MB.
Total: 9.684700 ms (FindLiveObjects: 0.719000 ms CreateObjectMapping: 0.696300 ms MarkObjects: 7.771100 ms  DeleteObjects: 0.494400 ms)

AssetImportParameters requested are different than current active one (requested -> active):
  custom:container-demuxer-ogg: 62fdf1f143b41e24485cea50d1cbac27 -> 
  custom:video-decoder-ogg-theora: a1e56fd34408186e4bbccfd4996cb3dc -> 
  custom:framework-win-MediaFoundation: 216162199b28c13a410421893ffa2e32 -> 
  custom:CustomObjectIndexerAttribute: 756ad292c208cfabdd7b50bc23989ffe -> 
  custom:container-demuxer-webm: 4f35f7cbe854078d1ac9338744f61a02 -> 
  custom:container-muxer-webm: aa71ff27fc2769a1b78a27578f13a17b -> 
  custom:video-decoder-webm-vp8: 9c59270c3fd7afecdb556c50c9e8de78 -> 
  custom:AudioImporter_EditorPlatform: d09bf68614088b80899f8185d706f6e7 -> 
  custom:video-encoder-webm-vp8: eb34c28f22e8b96e1ab97ce403110664 -> 
  custom:audio-decoder-ogg-vorbis: bf7c407c2cedff20999df2af8eb42d56 -> 
  custom:audio-encoder-webm-vorbis: bf7c407c2cedff20999df2af8eb42d56 -> 
========================================================================
Received Prepare
Begin MonoManager ReloadAssembly
Symbol file LoadedFromMemory doesn't match image D:\Product\major\2023-2024\Game Advanced\Horror-Game-Unity\Lesson1\Library\PackageCache\com.unity.visualscripting@1.8.0\Editor\VisualScripting.Core\Dependencies\YamlDotNet\Unity.VisualScripting.YamlDotNet.dll
Symbol file LoadedFromMemory doesn't match image D:\Product\major\2023-2024\Game Advanced\Horror-Game-Unity\Lesson1\Library\PackageCache\com.unity.visualscripting@1.8.0\Editor\VisualScripting.Core\Dependencies\DotNetZip\Unity.VisualScripting.IonicZip.dll
- Loaded All Assemblies, in  1.514 seconds
Refreshing native plugins compatible for Editor in 5.66 ms, found 3 plugins.
Native extension for WindowsStandalone target not found
Native extension for WebGL target not found
Mono: successfully reloaded assembly
- Finished resetting the current domain, in  3.803 seconds
Domain Reload Profiling: 5319ms
	BeginReloadAssembly (283ms)
		ExecutionOrderSort (0ms)
		DisableScriptedObjects (16ms)
		BackupInstance (0ms)
		ReleaseScriptingObjects (0ms)
		CreateAndSetChildDomain (73ms)
	RebuildCommonClasses (94ms)
	RebuildNativeTypeToScriptingClass (40ms)
	initialDomainReloadingComplete (47ms)
	LoadAllAssembliesAndSetupDomain (1049ms)
		LoadAssemblies (461ms)
		RebuildTransferFunctionScriptingTraits (0ms)
		AnalyzeDomain (725ms)
			TypeCache.Refresh (711ms)
				TypeCache.ScanAssembly (682ms)
			ScanForSourceGeneratedMonoScriptInfo (0ms)
			ResolveRequiredComponents (13ms)
	FinalizeReload (3806ms)
		ReleaseScriptCaches (0ms)
		RebuildScriptCaches (0ms)
		SetupLoadedEditorAssemblies (1542ms)
			LogAssemblyErrors (0ms)
			InitializePlatformSupportModulesInManaged (25ms)
			SetLoadedEditorAssemblies (14ms)
			RefreshPlugins (0ms)
			BeforeProcessingInitializeOnLoad (285ms)
			ProcessInitializeOnLoadAttributes (1126ms)
			ProcessInitializeOnLoadMethodAttributes (83ms)
			AfterProcessingInitializeOnLoad (8ms)
			EditorAssembliesLoaded (1ms)
		ExecutionOrderSort2 (0ms)
		AwakeInstancesAfterBackupRestoration (27ms)
Refreshing native plugins compatible for Editor in 4.86 ms, found 3 plugins.
Preloading 0 native plugins for Editor in 0.00 ms.
Unloading 3209 Unused Serialized files (Serialized files now loaded: 0)
Unloading 34 unused Assets / (1.3 MB). Loaded Objects now: 3729.
Memory consumption went from 140.2 MB to 139.0 MB.
Total: 11.608400 ms (FindLiveObjects: 0.701200 ms CreateObjectMapping: 0.690700 ms MarkObjects: 9.626900 ms  DeleteObjects: 0.586000 ms)

Prepare: number of updated asset objects reloaded= 0
AssetImportParameters requested are different than current active one (requested -> active):
  custom:container-demuxer-ogg: 62fdf1f143b41e24485cea50d1cbac27 -> 
  custom:video-decoder-ogg-theora: a1e56fd34408186e4bbccfd4996cb3dc -> 
  custom:framework-win-MediaFoundation: 216162199b28c13a410421893ffa2e32 -> 
  custom:CustomObjectIndexerAttribute: 756ad292c208cfabdd7b50bc23989ffe -> 
  custom:container-demuxer-webm: 4f35f7cbe854078d1ac9338744f61a02 -> 
  custom:container-muxer-webm: aa71ff27fc2769a1b78a27578f13a17b -> 
  custom:video-decoder-webm-vp8: 9c59270c3fd7afecdb556c50c9e8de78 -> 
  custom:AudioImporter_EditorPlatform: d09bf68614088b80899f8185d706f6e7 -> 
  custom:video-encoder-webm-vp8: eb34c28f22e8b96e1ab97ce403110664 -> 
  custom:audio-decoder-ogg-vorbis: bf7c407c2cedff20999df2af8eb42d56 -> 
  custom:audio-encoder-webm-vorbis: bf7c407c2cedff20999df2af8eb42d56 -> 
========================================================================
Received Import Request.
  Time since last request: 89642.167505 seconds.
  path: Assets/SocketsAndSwitches/Material/2048x2048/WhiteDirt/Socket02Material.mat
  artifactKey: Guid(51a6bd3267e6d49458d0611dc9508170) Importer(815301076,1909f56bfc062723c751e8b465ee728b)
Start importing Assets/SocketsAndSwitches/Material/2048x2048/WhiteDirt/Socket02Material.mat using Guid(51a6bd3267e6d49458d0611dc9508170) Importer(815301076,1909f56bfc062723c751e8b465ee728b)  -> (artifact id: 'a4d3c55b1f61fda7baa3b7bc5b59e0e1') in 1.006621 seconds
Number of updated asset objects reloaded before import = 0
Number of asset objects unloaded after import = 4
========================================================================
Received Import Request.
  Time since last request: 0.000048 seconds.
  path: Assets/SocketsAndSwitches/Material/2048x2048/WhiteDirt/SocketCase02Material.mat
  artifactKey: Guid(0199da919af3a41a69113400be55ca76) Importer(815301076,1909f56bfc062723c751e8b465ee728b)
Start importing Assets/SocketsAndSwitches/Material/2048x2048/WhiteDirt/SocketCase02Material.mat using Guid(0199da919af3a41a69113400be55ca76) Importer(815301076,1909f56bfc062723c751e8b465ee728b)  -> (artifact id: '95b0392929515f41ce49dbcbd2c6eec2') in 0.079843 seconds
Number of updated asset objects reloaded before import = 0
Number of asset objects unloaded after import = 4
========================================================================
Received Import Request.
  Time since last request: 0.000078 seconds.
  path: Assets/SocketsAndSwitches/Material/2048x2048/WhiteDirt/Socket03Material.mat
  artifactKey: Guid(fda19c87e95b645b4a0329dce4ca6fcb) Importer(815301076,1909f56bfc062723c751e8b465ee728b)
Start importing Assets/SocketsAndSwitches/Material/2048x2048/WhiteDirt/Socket03Material.mat using Guid(fda19c87e95b645b4a0329dce4ca6fcb) Importer(815301076,1909f56bfc062723c751e8b465ee728b)  -> (artifact id: 'dd62c98a37527ae5798eaf5ea38ac8b9') in 0.064632 seconds
Number of updated asset objects reloaded before import = 0
Number of asset objects unloaded after import = 4
========================================================================
Received Import Request.
  Time since last request: 2.071857 seconds.
  path: Assets/SocketsAndSwitches/Models/LightSwitches02.fbx
  artifactKey: Guid(f4979408603c04d3292b9e903f5a16b2) Importer(815301076,1909f56bfc062723c751e8b465ee728b)
Start importing Assets/SocketsAndSwitches/Models/LightSwitches02.fbx using Guid(f4979408603c04d3292b9e903f5a16b2) Importer(815301076,1909f56bfc062723c751e8b465ee728b)  -> (artifact id: '21670b5ccca491697d35bd08fa9d9ee7') in 0.186075 seconds
Number of updated asset objects reloaded before import = 0
Number of asset objects unloaded after import = 18
========================================================================
Received Import Request.
  Time since last request: 0.000047 seconds.
  path: Assets/SocketsAndSwitches/Models/Socket02.fbx
  artifactKey: Guid(ce5d75d55123447069903d64d6719fdc) Importer(815301076,1909f56bfc062723c751e8b465ee728b)
Start importing Assets/SocketsAndSwitches/Models/Socket02.fbx using Guid(ce5d75d55123447069903d64d6719fdc) Importer(815301076,1909f56bfc062723c751e8b465ee728b)  -> (artifact id: '38c93728ed0a63efa4d16782d23978fc') in 0.100347 seconds
Number of updated asset objects reloaded before import = 0
Number of asset objects unloaded after import = 11
========================================================================
Received Import Request.
  Time since last request: 0.000069 seconds.
  path: Assets/SocketsAndSwitches/Models/SocketCase03.fbx
  artifactKey: Guid(89c7f27fd57e141979c4b2d7bb8d41a1) Importer(815301076,1909f56bfc062723c751e8b465ee728b)
Start importing Assets/SocketsAndSwitches/Models/SocketCase03.fbx using Guid(89c7f27fd57e141979c4b2d7bb8d41a1) Importer(815301076,1909f56bfc062723c751e8b465ee728b)  -> (artifact id: '97006c67736cf8c83dfa2057bebb60d5') in 0.091487 seconds
Number of updated asset objects reloaded before import = 0
Number of asset objects unloaded after import = 11
========================================================================
Received Import Request.
  Time since last request: 0.000036 seconds.
  path: Assets/SocketsAndSwitches/Models/SocketCase01.fbx
  artifactKey: Guid(60270438d04674b6a8ff59ff2fa2df5f) Importer(815301076,1909f56bfc062723c751e8b465ee728b)
Start importing Assets/SocketsAndSwitches/Models/SocketCase01.fbx using Guid(60270438d04674b6a8ff59ff2fa2df5f) Importer(815301076,1909f56bfc062723c751e8b465ee728b)  -> (artifact id: 'c22123c4c22e73ba701d1f883fd4b8f0') in 0.051557 seconds
Number of updated asset objects reloaded before import = 0
Number of asset objects unloaded after import = 11
========================================================================
Received Import Request.
  Time since last request: 9.135342 seconds.
  path: Assets/SocketsAndSwitches/Prefabs/128x128/Black/LightSwitches02.prefab
  artifactKey: Guid(f0e35199af836459f8485b998fe6a051) Importer(815301076,1909f56bfc062723c751e8b465ee728b)
Start importing Assets/SocketsAndSwitches/Prefabs/128x128/Black/LightSwitches02.prefab using Guid(f0e35199af836459f8485b998fe6a051) Importer(815301076,1909f56bfc062723c751e8b465ee728b)  -> (artifact id: 'a2182244a9edc25ca01f214c267ca410') in 0.127925 seconds
Number of updated asset objects reloaded before import = 0
Number of asset objects unloaded after import = 55
========================================================================
Received Import Request.
  Time since last request: 0.000044 seconds.
  path: Assets/SocketsAndSwitches/Prefabs/128x128/Black/SocketCase02.prefab
  artifactKey: Guid(d1083476db884402b8be244749f6801b) Importer(815301076,1909f56bfc062723c751e8b465ee728b)
Start importing Assets/SocketsAndSwitches/Prefabs/128x128/Black/SocketCase02.prefab using Guid(d1083476db884402b8be244749f6801b) Importer(815301076,1909f56bfc062723c751e8b465ee728b)  -> (artifact id: 'f6ccad4b0dbba178fedb65fc3a7f4334') in 0.076671 seconds
Number of updated asset objects reloaded before import = 0
Number of asset objects unloaded after import = 47
========================================================================
Received Import Request.
  Time since last request: 0.000049 seconds.
  path: Assets/SocketsAndSwitches/Prefabs/128x128/Black/Socket03.prefab
  artifactKey: Guid(7f5149788f7b14bbf877b707d9a9c4af) Importer(815301076,1909f56bfc062723c751e8b465ee728b)
Start importing Assets/SocketsAndSwitches/Prefabs/128x128/Black/Socket03.prefab using Guid(7f5149788f7b14bbf877b707d9a9c4af) Importer(815301076,1909f56bfc062723c751e8b465ee728b)  -> (artifact id: '186a66b8d6051475921ff4a9324d9e0e') in 0.034812 seconds
Number of updated asset objects reloaded before import = 0
Number of asset objects unloaded after import = 11
========================================================================
Received Import Request.
  Time since last request: 0.000047 seconds.
  path: Assets/SocketsAndSwitches/Prefabs/128x128/Black/SocketCase03.prefab
  artifactKey: Guid(eed66b2387c924130818bcf7899e000d) Importer(815301076,1909f56bfc062723c751e8b465ee728b)
Start importing Assets/SocketsAndSwitches/Prefabs/128x128/Black/SocketCase03.prefab using Guid(eed66b2387c924130818bcf7899e000d) Importer(815301076,1909f56bfc062723c751e8b465ee728b)  -> (artifact id: 'a2f1d2afde020eba3679b6440a5d9902') in 0.074467 seconds
Number of updated asset objects reloaded before import = 0
Number of asset objects unloaded after import = 52
========================================================================
Received Import Request.
  Time since last request: 0.000042 seconds.
  path: Assets/SocketsAndSwitches/Prefabs/128x128/Black/SocketCaseRotate.prefab
  artifactKey: Guid(4bd87fcbd18ab4370a2b04829f11085c) Importer(815301076,1909f56bfc062723c751e8b465ee728b)
Start importing Assets/SocketsAndSwitches/Prefabs/128x128/Black/SocketCaseRotate.prefab using Guid(4bd87fcbd18ab4370a2b04829f11085c) Importer(815301076,1909f56bfc062723c751e8b465ee728b)  -> (artifact id: '715d34107c8fd25ec96ce2dd9c5ca01b') in 0.068772 seconds
Number of updated asset objects reloaded before import = 0
Number of asset objects unloaded after import = 47
========================================================================
Received Import Request.
  Time since last request: 2.665013 seconds.
  path: Assets/SocketsAndSwitches/Prefabs/128x128/BlackDirt/LightSwitches02.prefab
  artifactKey: Guid(0e17b4107c4a64a15ac4d54fd7cd7b62) Importer(815301076,1909f56bfc062723c751e8b465ee728b)
Start importing Assets/SocketsAndSwitches/Prefabs/128x128/BlackDirt/LightSwitches02.prefab using Guid(0e17b4107c4a64a15ac4d54fd7cd7b62) Importer(815301076,1909f56bfc062723c751e8b465ee728b)  -> (artifact id: 'd2105d79b4fe2f75ba5eb3362176516d') in 0.060840 seconds
Number of updated asset objects reloaded before import = 0
Number of asset objects unloaded after import = 55
========================================================================
Received Import Request.
  Time since last request: 0.000033 seconds.
  path: Assets/SocketsAndSwitches/Prefabs/128x128/BlackDirt/Socket03.prefab
  artifactKey: Guid(8e5737a43804b456f8baeda05c8a8d06) Importer(815301076,1909f56bfc062723c751e8b465ee728b)
Start importing Assets/SocketsAndSwitches/Prefabs/128x128/BlackDirt/Socket03.prefab using Guid(8e5737a43804b456f8baeda05c8a8d06) Importer(815301076,1909f56bfc062723c751e8b465ee728b)  -> (artifact id: '44ebd37622a99743843bcfa8aa27c862') in 0.049462 seconds
Number of updated asset objects reloaded before import = 0
Number of asset objects unloaded after import = 11
========================================================================
Received Import Request.
  Time since last request: 0.000038 seconds.
  path: Assets/SocketsAndSwitches/Prefabs/128x128/BlackDirt/SocketCase03Rotate.prefab
  artifactKey: Guid(db3a9c432961442768057495a25b42b3) Importer(815301076,1909f56bfc062723c751e8b465ee728b)
Start importing Assets/SocketsAndSwitches/Prefabs/128x128/BlackDirt/SocketCase03Rotate.prefab using Guid(db3a9c432961442768057495a25b42b3) Importer(815301076,1909f56bfc062723c751e8b465ee728b)  -> (artifact id: 'ae8f2f5e6594709c62f62042d28f8c4a') in 0.081534 seconds
Number of updated asset objects reloaded before import = 0
Number of asset objects unloaded after import = 52
========================================================================
Received Import Request.
  Time since last request: 0.000055 seconds.
  path: Assets/SocketsAndSwitches/Prefabs/128x128/BlackDirt/SocketLightSwitches.prefab
  artifactKey: Guid(ccd47fdc8234b45ac86cf08146244043) Importer(815301076,1909f56bfc062723c751e8b465ee728b)
Start importing Assets/SocketsAndSwitches/Prefabs/128x128/BlackDirt/SocketLightSwitches.prefab using Guid(ccd47fdc8234b45ac86cf08146244043) Importer(815301076,1909f56bfc062723c751e8b465ee728b)  -> (artifact id: 'cf4cbeb7729f45e748af4b4057af9adb') in 0.078063 seconds
Number of updated asset objects reloaded before import = 0
Number of asset objects unloaded after import = 53
========================================================================
Received Import Request.
  Time since last request: 0.000032 seconds.
  path: Assets/SocketsAndSwitches/Prefabs/128x128/BlackDirt/SocketCaseRotate.prefab
  artifactKey: Guid(bbbc6f7a16d534ffcab82f531cb6abc2) Importer(815301076,1909f56bfc062723c751e8b465ee728b)
Start importing Assets/SocketsAndSwitches/Prefabs/128x128/BlackDirt/SocketCaseRotate.prefab using Guid(bbbc6f7a16d534ffcab82f531cb6abc2) Importer(815301076,1909f56bfc062723c751e8b465ee728b)  -> (artifact id: '3c0f5b2d45ec923d95ea947bcfac9663') in 0.085594 seconds
Number of updated asset objects reloaded before import = 0
Number of asset objects unloaded after import = 47
========================================================================
Received Import Request.
  Time since last request: 145.241056 seconds.
  path: Assets/SocketsAndSwitches/Prefabs/128x128/White/LightSwitches02.prefab
  artifactKey: Guid(0ae9e234a53b64c5ebf9212437354766) Importer(815301076,1909f56bfc062723c751e8b465ee728b)
Start importing Assets/SocketsAndSwitches/Prefabs/128x128/White/LightSwitches02.prefab using Guid(0ae9e234a53b64c5ebf9212437354766) Importer(815301076,1909f56bfc062723c751e8b465ee728b)  -> (artifact id: '4d6bfcff1dc52a41ef14e34019b23656') in 0.069928 seconds
Number of updated asset objects reloaded before import = 0
Number of asset objects unloaded after import = 55
========================================================================
Received Import Request.
  Time since last request: 0.000031 seconds.
  path: Assets/SocketsAndSwitches/Prefabs/128x128/White/LightSwitches03.prefab
  artifactKey: Guid(4251663ee94a84e459ec13d94745c9e3) Importer(815301076,1909f56bfc062723c751e8b465ee728b)
Start importing Assets/SocketsAndSwitches/Prefabs/128x128/White/LightSwitches03.prefab using Guid(4251663ee94a84e459ec13d94745c9e3) Importer(815301076,1909f56bfc062723c751e8b465ee728b)  -> (artifact id: '547e4bcfd957d66242ea880ec8176be5') in 0.074704 seconds
Number of updated asset objects reloaded before import = 0
Number of asset objects unloaded after import = 66
========================================================================
Received Import Request.
  Time since last request: 0.000055 seconds.
  path: Assets/SocketsAndSwitches/Prefabs/128x128/White/SocketCaseRotate.prefab
  artifactKey: Guid(dd2d9bf506c154232be277c2320cba15) Importer(815301076,1909f56bfc062723c751e8b465ee728b)
Start importing Assets/SocketsAndSwitches/Prefabs/128x128/White/SocketCaseRotate.prefab using Guid(dd2d9bf506c154232be277c2320cba15) Importer(815301076,1909f56bfc062723c751e8b465ee728b)  -> (artifact id: '2d5080408bb3d411fd5c2f88e19ec4f0') in 0.064649 seconds
Number of updated asset objects reloaded before import = 0
Number of asset objects unloaded after import = 47
========================================================================
Received Import Request.
  Time since last request: 0.000031 seconds.
  path: Assets/SocketsAndSwitches/Prefabs/128x128/White/Socket02.prefab
  artifactKey: Guid(fad610c21c27e47d5a46cb25f3653f3b) Importer(815301076,1909f56bfc062723c751e8b465ee728b)
Start importing Assets/SocketsAndSwitches/Prefabs/128x128/White/Socket02.prefab using Guid(fad610c21c27e47d5a46cb25f3653f3b) Importer(815301076,1909f56bfc062723c751e8b465ee728b)  -> (artifact id: '9670dee18d6f6a129764abcd758fd5bd') in 0.042345 seconds
Number of updated asset objects reloaded before import = 0
Number of asset objects unloaded after import = 11
========================================================================
Received Import Request.
  Time since last request: 0.000030 seconds.
  path: Assets/SocketsAndSwitches/Prefabs/128x128/White/SocketCase01.prefab
  artifactKey: Guid(2302cd5a86ac9444aad387742b22bd0d) Importer(815301076,1909f56bfc062723c751e8b465ee728b)
Start importing Assets/SocketsAndSwitches/Prefabs/128x128/White/SocketCase01.prefab using Guid(2302cd5a86ac9444aad387742b22bd0d) Importer(815301076,1909f56bfc062723c751e8b465ee728b)  -> (artifact id: 'c441785ba37916c997e6461a4db3716b') in 0.070534 seconds
Number of updated asset objects reloaded before import = 0
Number of asset objects unloaded after import = 42
========================================================================
Received Import Request.
  Time since last request: 3.052532 seconds.
  path: Assets/SocketsAndSwitches/Prefabs/128x128/WhiteDirt/LightSwitches02.prefab
  artifactKey: Guid(a6a43eac3c71047289c475d6a266a05f) Importer(815301076,1909f56bfc062723c751e8b465ee728b)
Start importing Assets/SocketsAndSwitches/Prefabs/128x128/WhiteDirt/LightSwitches02.prefab using Guid(a6a43eac3c71047289c475d6a266a05f) Importer(815301076,1909f56bfc062723c751e8b465ee728b)  -> (artifact id: 'bb275bf1b328d5495744cbc6ef69f719') in 0.060765 seconds
Number of updated asset objects reloaded before import = 0
Number of asset objects unloaded after import = 55
========================================================================
Received Import Request.
  Time since last request: 0.000067 seconds.
  path: Assets/SocketsAndSwitches/Prefabs/128x128/WhiteDirt/SocketCase03Rotate.prefab
  artifactKey: Guid(18d34ce942ae543f090c1cc46cb25ae9) Importer(815301076,1909f56bfc062723c751e8b465ee728b)
Start importing Assets/SocketsAndSwitches/Prefabs/128x128/WhiteDirt/SocketCase03Rotate.prefab using Guid(18d34ce942ae543f090c1cc46cb25ae9) Importer(815301076,1909f56bfc062723c751e8b465ee728b)  -> (artifact id: '84b9e916667b3d57052881961cd8a1c2') in 0.067522 seconds
Number of updated asset objects reloaded before import = 0
Number of asset objects unloaded after import = 52
========================================================================
Received Import Request.
  Time since last request: 0.000068 seconds.
  path: Assets/SocketsAndSwitches/Prefabs/128x128/WhiteDirt/SocketCase03.prefab
  artifactKey: Guid(3c66e947b77ac4b77938c229f34b2e44) Importer(815301076,1909f56bfc062723c751e8b465ee728b)
Start importing Assets/SocketsAndSwitches/Prefabs/128x128/WhiteDirt/SocketCase03.prefab using Guid(3c66e947b77ac4b77938c229f34b2e44) Importer(815301076,1909f56bfc062723c751e8b465ee728b)  -> (artifact id: 'a33b943e48228a8a0532b2349e84724d') in 0.059441 seconds
Number of updated asset objects reloaded before import = 0
Number of asset objects unloaded after import = 52
========================================================================
Received Import Request.
  Time since last request: 0.000065 seconds.
  path: Assets/SocketsAndSwitches/Prefabs/128x128/WhiteDirt/Socket02.prefab
  artifactKey: Guid(dfa894c037a724ec3a0382d8c941f8ad) Importer(815301076,1909f56bfc062723c751e8b465ee728b)
Start importing Assets/SocketsAndSwitches/Prefabs/128x128/WhiteDirt/Socket02.prefab using Guid(dfa894c037a724ec3a0382d8c941f8ad) Importer(815301076,1909f56bfc062723c751e8b465ee728b)  -> (artifact id: '5fea68c13b332fbd98d3ce5854db4a56') in 0.033342 seconds
Number of updated asset objects reloaded before import = 0
Number of asset objects unloaded after import = 11
========================================================================
Received Import Request.
  Time since last request: 0.000030 seconds.
  path: Assets/SocketsAndSwitches/Prefabs/128x128/WhiteDirt/Socket03.prefab
  artifactKey: Guid(d9efa74f7aced42b49351f971aafe689) Importer(815301076,1909f56bfc062723c751e8b465ee728b)
Start importing Assets/SocketsAndSwitches/Prefabs/128x128/WhiteDirt/Socket03.prefab using Guid(d9efa74f7aced42b49351f971aafe689) Importer(815301076,1909f56bfc062723c751e8b465ee728b)  -> (artifact id: 'c190b1d09bdb910ebc69a7099b12781c') in 0.052438 seconds
Number of updated asset objects reloaded before import = 0
Number of asset objects unloaded after import = 11
========================================================================
Received Import Request.
  Time since last request: 0.000100 seconds.
  path: Assets/SocketsAndSwitches/Prefabs/128x128/WhiteDirt/SocketCase02.prefab
  artifactKey: Guid(910cf0980701247febfe878c455c85a8) Importer(815301076,1909f56bfc062723c751e8b465ee728b)
Start importing Assets/SocketsAndSwitches/Prefabs/128x128/WhiteDirt/SocketCase02.prefab using Guid(910cf0980701247febfe878c455c85a8) Importer(815301076,1909f56bfc062723c751e8b465ee728b)  -> (artifact id: '51fb167e912e1a106a56c34b4ae7571b') in 0.075062 seconds
Number of updated asset objects reloaded before import = 0
Number of asset objects unloaded after import = 47
========================================================================
Received Import Request.
  Time since last request: 46.812326 seconds.
  path: Assets/SocketsAndSwitches/Textures/128/Black/InsideMaterial_MetallicSmoothness.png
  artifactKey: Guid(c561e7f73d3ed4ca889f8be8a7d582b2) Importer(815301076,1909f56bfc062723c751e8b465ee728b)
Start importing Assets/SocketsAndSwitches/Textures/128/Black/InsideMaterial_MetallicSmoothness.png using Guid(c561e7f73d3ed4ca889f8be8a7d582b2) Importer(815301076,1909f56bfc062723c751e8b465ee728b)  -> (artifact id: 'f68bfc88300279bb08850b97643c65b8') in 0.105255 seconds
Number of updated asset objects reloaded before import = 0
Number of asset objects unloaded after import = 2
========================================================================
Received Import Request.
  Time since last request: 0.000033 seconds.
  path: Assets/SocketsAndSwitches/Textures/128/Black/SocketCase02Material_MetallicSmoothness.png
  artifactKey: Guid(4381701cad06542bebfaac41b7748057) Importer(815301076,1909f56bfc062723c751e8b465ee728b)
Start importing Assets/SocketsAndSwitches/Textures/128/Black/SocketCase02Material_MetallicSmoothness.png using Guid(4381701cad06542bebfaac41b7748057) Importer(815301076,1909f56bfc062723c751e8b465ee728b)  -> (artifact id: '9e4824395e6d57982b8cc60c025d7682') in 0.030727 seconds
Number of updated asset objects reloaded before import = 0
Number of asset objects unloaded after import = 2
========================================================================
Received Import Request.
  Time since last request: 0.000825 seconds.
  path: Assets/SocketsAndSwitches/Textures/128/Black/SocketCase01Material_AlbedoTransparency.png
  artifactKey: Guid(bd5859b61627b4695a88a428e8aaafeb) Importer(815301076,1909f56bfc062723c751e8b465ee728b)
Start importing Assets/SocketsAndSwitches/Textures/128/Black/SocketCase01Material_AlbedoTransparency.png using Guid(bd5859b61627b4695a88a428e8aaafeb) Importer(815301076,1909f56bfc062723c751e8b465ee728b)  -> (artifact id: '994031710046b499131a74d06e72e7e9') in 0.030254 seconds
Number of updated asset objects reloaded before import = 0
Number of asset objects unloaded after import = 2
========================================================================
Received Import Request.
  Time since last request: 0.000025 seconds.
  path: Assets/SocketsAndSwitches/Textures/128/Black/SocketCase01Material_Normal.png
  artifactKey: Guid(f780716734b2d4b34a7820b0b50f10f7) Importer(815301076,1909f56bfc062723c751e8b465ee728b)
Start importing Assets/SocketsAndSwitches/Textures/128/Black/SocketCase01Material_Normal.png using Guid(f780716734b2d4b34a7820b0b50f10f7) Importer(815301076,1909f56bfc062723c751e8b465ee728b)  -> (artifact id: 'aa8be41092a2ffe63d4543ac5a808329') in 0.056879 seconds
Number of updated asset objects reloaded before import = 0
Number of asset objects unloaded after import = 2
========================================================================
Received Import Request.
  Time since last request: 0.000055 seconds.
  path: Assets/SocketsAndSwitches/Textures/128/Black/SocketCase02Material_AlbedoTransparency.png
  artifactKey: Guid(b1a461fd82de44488aef5d0f44ded9c9) Importer(815301076,1909f56bfc062723c751e8b465ee728b)
Start importing Assets/SocketsAndSwitches/Textures/128/Black/SocketCase02Material_AlbedoTransparency.png using Guid(b1a461fd82de44488aef5d0f44ded9c9) Importer(815301076,1909f56bfc062723c751e8b465ee728b)  -> (artifact id: 'e3a0a4675d1980ed3f6ae276de9a2ee2') in 0.035079 seconds
Number of updated asset objects reloaded before import = 0
Number of asset objects unloaded after import = 2
========================================================================
Received Import Request.
  Time since last request: 0.000032 seconds.
  path: Assets/SocketsAndSwitches/Textures/128/Black/Socket02Material_MetallicSmoothness.png
  artifactKey: Guid(def3013c278704073ad62844a23993ff) Importer(815301076,1909f56bfc062723c751e8b465ee728b)
Start importing Assets/SocketsAndSwitches/Textures/128/Black/Socket02Material_MetallicSmoothness.png using Guid(def3013c278704073ad62844a23993ff) Importer(815301076,1909f56bfc062723c751e8b465ee728b)  -> (artifact id: '9b86f0c9171d08730351e5c1cbb777f5') in 0.034416 seconds
Number of updated asset objects reloaded before import = 0
Number of asset objects unloaded after import = 2
========================================================================
Received Import Request.
  Time since last request: 0.000494 seconds.
  path: Assets/SocketsAndSwitches/Textures/128/Black/Socket02Material_Normal.png
  artifactKey: Guid(1660969d3fa464c12bd68ea7b3435cf9) Importer(815301076,1909f56bfc062723c751e8b465ee728b)
Start importing Assets/SocketsAndSwitches/Textures/128/Black/Socket02Material_Normal.png using Guid(1660969d3fa464c12bd68ea7b3435cf9) Importer(815301076,1909f56bfc062723c751e8b465ee728b)  -> (artifact id: 'cdd25be74fe2aa9b663bb0f4bca62449') in 0.043152 seconds
Number of updated asset objects reloaded before import = 0
Number of asset objects unloaded after import = 2
========================================================================
Received Prepare
Begin MonoManager ReloadAssembly
Symbol file LoadedFromMemory doesn't match image D:\Product\major\2023-2024\Game Advanced\Horror-Game-Unity\Lesson1\Library\PackageCache\com.unity.visualscripting@1.8.0\Editor\VisualScripting.Core\Dependencies\YamlDotNet\Unity.VisualScripting.YamlDotNet.dll
Symbol file LoadedFromMemory doesn't match image D:\Product\major\2023-2024\Game Advanced\Horror-Game-Unity\Lesson1\Library\PackageCache\com.unity.visualscripting@1.8.0\Editor\VisualScripting.Core\Dependencies\DotNetZip\Unity.VisualScripting.IonicZip.dll
- Loaded All Assemblies, in  1.500 seconds
Refreshing native plugins compatible for Editor in 2.69 ms, found 3 plugins.
Native extension for WindowsStandalone target not found
Native extension for WebGL target not found
Mono: successfully reloaded assembly
- Finished resetting the current domain, in  4.848 seconds
Domain Reload Profiling: 6351ms
	BeginReloadAssembly (394ms)
		ExecutionOrderSort (0ms)
		DisableScriptedObjects (13ms)
		BackupInstance (0ms)
		ReleaseScriptingObjects (0ms)
		CreateAndSetChildDomain (179ms)
	RebuildCommonClasses (67ms)
	RebuildNativeTypeToScriptingClass (33ms)
	initialDomainReloadingComplete (47ms)
	LoadAllAssembliesAndSetupDomain (960ms)
		LoadAssemblies (451ms)
		RebuildTransferFunctionScriptingTraits (0ms)
		AnalyzeDomain (649ms)
			TypeCache.Refresh (639ms)
				TypeCache.ScanAssembly (594ms)
			ScanForSourceGeneratedMonoScriptInfo (0ms)
			ResolveRequiredComponents (9ms)
	FinalizeReload (4852ms)
		ReleaseScriptCaches (0ms)
		RebuildScriptCaches (0ms)
		SetupLoadedEditorAssemblies (1538ms)
			LogAssemblyErrors (0ms)
			InitializePlatformSupportModulesInManaged (35ms)
			SetLoadedEditorAssemblies (16ms)
			RefreshPlugins (0ms)
			BeforeProcessingInitializeOnLoad (261ms)
			ProcessInitializeOnLoadAttributes (1098ms)
			ProcessInitializeOnLoadMethodAttributes (116ms)
			AfterProcessingInitializeOnLoad (11ms)
			EditorAssembliesLoaded (1ms)
		ExecutionOrderSort2 (0ms)
		AwakeInstancesAfterBackupRestoration (35ms)
Refreshing native plugins compatible for Editor in 4.74 ms, found 3 plugins.
Preloading 0 native plugins for Editor in 0.00 ms.
Unloading 3208 Unused Serialized files (Serialized files now loaded: 0)
Unloading 34 unused Assets / (1.3 MB). Loaded Objects now: 3779.
Memory consumption went from 147.0 MB to 145.8 MB.
Total: 13.266700 ms (FindLiveObjects: 0.991400 ms CreateObjectMapping: 1.160000 ms MarkObjects: 10.288000 ms  DeleteObjects: 0.824100 ms)

Prepare: number of updated asset objects reloaded= 0
AssetImportParameters requested are different than current active one (requested -> active):
  custom:container-demuxer-ogg: 62fdf1f143b41e24485cea50d1cbac27 -> 
  custom:video-decoder-ogg-theora: a1e56fd34408186e4bbccfd4996cb3dc -> 
  custom:framework-win-MediaFoundation: 216162199b28c13a410421893ffa2e32 -> 
  custom:CustomObjectIndexerAttribute: 756ad292c208cfabdd7b50bc23989ffe -> 
  custom:container-demuxer-webm: 4f35f7cbe854078d1ac9338744f61a02 -> 
  custom:container-muxer-webm: aa71ff27fc2769a1b78a27578f13a17b -> 
  custom:video-decoder-webm-vp8: 9c59270c3fd7afecdb556c50c9e8de78 -> 
  custom:AudioImporter_EditorPlatform: d09bf68614088b80899f8185d706f6e7 -> 
  custom:video-encoder-webm-vp8: eb34c28f22e8b96e1ab97ce403110664 -> 
  custom:audio-decoder-ogg-vorbis: bf7c407c2cedff20999df2af8eb42d56 -> 
  custom:audio-encoder-webm-vorbis: bf7c407c2cedff20999df2af8eb42d56 -> 
========================================================================
Received Prepare
Begin MonoManager ReloadAssembly
Symbol file LoadedFromMemory doesn't match image D:\Product\major\2023-2024\Game Advanced\Horror-Game-Unity\Lesson1\Library\PackageCache\com.unity.visualscripting@1.8.0\Editor\VisualScripting.Core\Dependencies\YamlDotNet\Unity.VisualScripting.YamlDotNet.dll
Symbol file LoadedFromMemory doesn't match image D:\Product\major\2023-2024\Game Advanced\Horror-Game-Unity\Lesson1\Library\PackageCache\com.unity.visualscripting@1.8.0\Editor\VisualScripting.Core\Dependencies\DotNetZip\Unity.VisualScripting.IonicZip.dll
- Loaded All Assemblies, in  1.273 seconds
Refreshing native plugins compatible for Editor in 3.65 ms, found 3 plugins.
Native extension for WindowsStandalone target not found
Native extension for WebGL target not found
Mono: successfully reloaded assembly
- Finished resetting the current domain, in  1.987 seconds
Domain Reload Profiling: 3261ms
	BeginReloadAssembly (255ms)
		ExecutionOrderSort (0ms)
		DisableScriptedObjects (8ms)
		BackupInstance (0ms)
		ReleaseScriptingObjects (0ms)
		CreateAndSetChildDomain (62ms)
	RebuildCommonClasses (84ms)
	RebuildNativeTypeToScriptingClass (23ms)
	initialDomainReloadingComplete (43ms)
	LoadAllAssembliesAndSetupDomain (867ms)
		LoadAssemblies (422ms)
		RebuildTransferFunctionScriptingTraits (0ms)
		AnalyzeDomain (586ms)
			TypeCache.Refresh (573ms)
				TypeCache.ScanAssembly (549ms)
			ScanForSourceGeneratedMonoScriptInfo (0ms)
			ResolveRequiredComponents (12ms)
	FinalizeReload (1989ms)
		ReleaseScriptCaches (0ms)
		RebuildScriptCaches (0ms)
		SetupLoadedEditorAssemblies (1225ms)
			LogAssemblyErrors (0ms)
			InitializePlatformSupportModulesInManaged (15ms)
			SetLoadedEditorAssemblies (6ms)
			RefreshPlugins (0ms)
			BeforeProcessingInitializeOnLoad (109ms)
			ProcessInitializeOnLoadAttributes (1006ms)
			ProcessInitializeOnLoadMethodAttributes (80ms)
			AfterProcessingInitializeOnLoad (9ms)
			EditorAssembliesLoaded (0ms)
		ExecutionOrderSort2 (0ms)
		AwakeInstancesAfterBackupRestoration (22ms)
Refreshing native plugins compatible for Editor in 4.60 ms, found 3 plugins.
Preloading 0 native plugins for Editor in 0.00 ms.
Unloading 3209 Unused Serialized files (Serialized files now loaded: 0)
Unloading 34 unused Assets / (1.3 MB). Loaded Objects now: 3782.
Memory consumption went from 147.3 MB to 146.0 MB.
Total: 11.494100 ms (FindLiveObjects: 2.219700 ms CreateObjectMapping: 1.233400 ms MarkObjects: 7.441700 ms  DeleteObjects: 0.594800 ms)

Prepare: number of updated asset objects reloaded= 0
AssetImportParameters requested are different than current active one (requested -> active):
  custom:container-demuxer-ogg: 62fdf1f143b41e24485cea50d1cbac27 -> 
  custom:video-decoder-ogg-theora: a1e56fd34408186e4bbccfd4996cb3dc -> 
  custom:framework-win-MediaFoundation: 216162199b28c13a410421893ffa2e32 -> 
  custom:CustomObjectIndexerAttribute: 756ad292c208cfabdd7b50bc23989ffe -> 
  custom:container-demuxer-webm: 4f35f7cbe854078d1ac9338744f61a02 -> 
  custom:container-muxer-webm: aa71ff27fc2769a1b78a27578f13a17b -> 
  custom:video-decoder-webm-vp8: 9c59270c3fd7afecdb556c50c9e8de78 -> 
  custom:AudioImporter_EditorPlatform: d09bf68614088b80899f8185d706f6e7 -> 
  custom:video-encoder-webm-vp8: eb34c28f22e8b96e1ab97ce403110664 -> 
  custom:audio-decoder-ogg-vorbis: bf7c407c2cedff20999df2af8eb42d56 -> 
  custom:audio-encoder-webm-vorbis: bf7c407c2cedff20999df2af8eb42d56 -> 
========================================================================
Received Prepare
Begin MonoManager ReloadAssembly
Symbol file LoadedFromMemory doesn't match image D:\Product\major\2023-2024\Game Advanced\Horror-Game-Unity\Lesson1\Library\PackageCache\com.unity.visualscripting@1.8.0\Editor\VisualScripting.Core\Dependencies\YamlDotNet\Unity.VisualScripting.YamlDotNet.dll
Symbol file LoadedFromMemory doesn't match image D:\Product\major\2023-2024\Game Advanced\Horror-Game-Unity\Lesson1\Library\PackageCache\com.unity.visualscripting@1.8.0\Editor\VisualScripting.Core\Dependencies\DotNetZip\Unity.VisualScripting.IonicZip.dll
- Loaded All Assemblies, in  1.548 seconds
Refreshing native plugins compatible for Editor in 3.33 ms, found 3 plugins.
Native extension for WindowsStandalone target not found
Native extension for WebGL target not found
Mono: successfully reloaded assembly
- Finished resetting the current domain, in  3.168 seconds
Domain Reload Profiling: 4717ms
	BeginReloadAssembly (271ms)
		ExecutionOrderSort (0ms)
		DisableScriptedObjects (16ms)
		BackupInstance (0ms)
		ReleaseScriptingObjects (0ms)
		CreateAndSetChildDomain (73ms)
	RebuildCommonClasses (95ms)
	RebuildNativeTypeToScriptingClass (35ms)
	initialDomainReloadingComplete (63ms)
	LoadAllAssembliesAndSetupDomain (1082ms)
		LoadAssemblies (437ms)
		RebuildTransferFunctionScriptingTraits (0ms)
		AnalyzeDomain (755ms)
			TypeCache.Refresh (744ms)
				TypeCache.ScanAssembly (724ms)
			ScanForSourceGeneratedMonoScriptInfo (0ms)
			ResolveRequiredComponents (11ms)
	FinalizeReload (3169ms)
		ReleaseScriptCaches (0ms)
		RebuildScriptCaches (0ms)
		SetupLoadedEditorAssemblies (2112ms)
			LogAssemblyErrors (0ms)
			InitializePlatformSupportModulesInManaged (22ms)
			SetLoadedEditorAssemblies (14ms)
			RefreshPlugins (0ms)
			BeforeProcessingInitializeOnLoad (367ms)
			ProcessInitializeOnLoadAttributes (1546ms)
			ProcessInitializeOnLoadMethodAttributes (153ms)
			AfterProcessingInitializeOnLoad (9ms)
			EditorAssembliesLoaded (1ms)
		ExecutionOrderSort2 (0ms)
		AwakeInstancesAfterBackupRestoration (36ms)
Refreshing native plugins compatible for Editor in 6.45 ms, found 3 plugins.
Preloading 0 native plugins for Editor in 0.00 ms.
Unloading 3209 Unused Serialized files (Serialized files now loaded: 0)
Unloading 34 unused Assets / (1.3 MB). Loaded Objects now: 3785.
Memory consumption went from 147.3 MB to 146.0 MB.
Total: 20.267500 ms (FindLiveObjects: 1.419700 ms CreateObjectMapping: 1.926800 ms MarkObjects: 13.600500 ms  DeleteObjects: 3.315400 ms)

Prepare: number of updated asset objects reloaded= 0
AssetImportParameters requested are different than current active one (requested -> active):
  custom:container-demuxer-ogg: 62fdf1f143b41e24485cea50d1cbac27 -> 
  custom:video-decoder-ogg-theora: a1e56fd34408186e4bbccfd4996cb3dc -> 
  custom:framework-win-MediaFoundation: 216162199b28c13a410421893ffa2e32 -> 
  custom:CustomObjectIndexerAttribute: 756ad292c208cfabdd7b50bc23989ffe -> 
  custom:container-demuxer-webm: 4f35f7cbe854078d1ac9338744f61a02 -> 
  custom:container-muxer-webm: aa71ff27fc2769a1b78a27578f13a17b -> 
  custom:video-decoder-webm-vp8: 9c59270c3fd7afecdb556c50c9e8de78 -> 
  custom:AudioImporter_EditorPlatform: d09bf68614088b80899f8185d706f6e7 -> 
  custom:video-encoder-webm-vp8: eb34c28f22e8b96e1ab97ce403110664 -> 
  custom:audio-decoder-ogg-vorbis: bf7c407c2cedff20999df2af8eb42d56 -> 
  custom:audio-encoder-webm-vorbis: bf7c407c2cedff20999df2af8eb42d56 -> 
========================================================================
Received Prepare
Begin MonoManager ReloadAssembly
Symbol file LoadedFromMemory doesn't match image D:\Product\major\2023-2024\Game Advanced\Horror-Game-Unity\Lesson1\Library\PackageCache\com.unity.visualscripting@1.8.0\Editor\VisualScripting.Core\Dependencies\YamlDotNet\Unity.VisualScripting.YamlDotNet.dll
Symbol file LoadedFromMemory doesn't match image D:\Product\major\2023-2024\Game Advanced\Horror-Game-Unity\Lesson1\Library\PackageCache\com.unity.visualscripting@1.8.0\Editor\VisualScripting.Core\Dependencies\DotNetZip\Unity.VisualScripting.IonicZip.dll
- Loaded All Assemblies, in  1.064 seconds
Refreshing native plugins compatible for Editor in 1.99 ms, found 3 plugins.
Native extension for WindowsStandalone target not found
Native extension for WebGL target not found
Mono: successfully reloaded assembly
- Finished resetting the current domain, in  2.332 seconds
Domain Reload Profiling: 3397ms
	BeginReloadAssembly (224ms)
		ExecutionOrderSort (0ms)
		DisableScriptedObjects (9ms)
		BackupInstance (0ms)
		ReleaseScriptingObjects (0ms)
		CreateAndSetChildDomain (51ms)
	RebuildCommonClasses (67ms)
	RebuildNativeTypeToScriptingClass (18ms)
	initialDomainReloadingComplete (44ms)
	LoadAllAssembliesAndSetupDomain (709ms)
		LoadAssemblies (339ms)
		RebuildTransferFunctionScriptingTraits (0ms)
		AnalyzeDomain (481ms)
			TypeCache.Refresh (473ms)
				TypeCache.ScanAssembly (453ms)
			ScanForSourceGeneratedMonoScriptInfo (0ms)
			ResolveRequiredComponents (8ms)
	FinalizeReload (2335ms)
		ReleaseScriptCaches (0ms)
		RebuildScriptCaches (0ms)
		SetupLoadedEditorAssemblies (1652ms)
			LogAssemblyErrors (0ms)
			InitializePlatformSupportModulesInManaged (7ms)
			SetLoadedEditorAssemblies (6ms)
			RefreshPlugins (0ms)
			BeforeProcessingInitializeOnLoad (132ms)
			ProcessInitializeOnLoadAttributes (1378ms)
			ProcessInitializeOnLoadMethodAttributes (119ms)
			AfterProcessingInitializeOnLoad (10ms)
			EditorAssembliesLoaded (0ms)
		ExecutionOrderSort2 (0ms)
		AwakeInstancesAfterBackupRestoration (22ms)
Refreshing native plugins compatible for Editor in 2.18 ms, found 3 plugins.
Preloading 0 native plugins for Editor in 0.00 ms.
Unloading 3209 Unused Serialized files (Serialized files now loaded: 0)
Unloading 34 unused Assets / (1.3 MB). Loaded Objects now: 3788.
Memory consumption went from 147.3 MB to 146.0 MB.
Total: 8.515200 ms (FindLiveObjects: 0.427800 ms CreateObjectMapping: 3.861100 ms MarkObjects: 3.938900 ms  DeleteObjects: 0.286000 ms)

Prepare: number of updated asset objects reloaded= 0
AssetImportParameters requested are different than current active one (requested -> active):
  custom:container-demuxer-ogg: 62fdf1f143b41e24485cea50d1cbac27 -> 
  custom:video-decoder-ogg-theora: a1e56fd34408186e4bbccfd4996cb3dc -> 
  custom:framework-win-MediaFoundation: 216162199b28c13a410421893ffa2e32 -> 
  custom:CustomObjectIndexerAttribute: 756ad292c208cfabdd7b50bc23989ffe -> 
  custom:container-demuxer-webm: 4f35f7cbe854078d1ac9338744f61a02 -> 
  custom:container-muxer-webm: aa71ff27fc2769a1b78a27578f13a17b -> 
  custom:video-decoder-webm-vp8: 9c59270c3fd7afecdb556c50c9e8de78 -> 
  custom:AudioImporter_EditorPlatform: d09bf68614088b80899f8185d706f6e7 -> 
  custom:video-encoder-webm-vp8: eb34c28f22e8b96e1ab97ce403110664 -> 
  custom:audio-decoder-ogg-vorbis: bf7c407c2cedff20999df2af8eb42d56 -> 
  custom:audio-encoder-webm-vorbis: bf7c407c2cedff20999df2af8eb42d56 -> 
========================================================================
Received Prepare
Begin MonoManager ReloadAssembly
Symbol file LoadedFromMemory doesn't match image D:\Product\major\2023-2024\Game Advanced\Horror-Game-Unity\Lesson1\Library\PackageCache\com.unity.visualscripting@1.8.0\Editor\VisualScripting.Core\Dependencies\YamlDotNet\Unity.VisualScripting.YamlDotNet.dll
Symbol file LoadedFromMemory doesn't match image D:\Product\major\2023-2024\Game Advanced\Horror-Game-Unity\Lesson1\Library\PackageCache\com.unity.visualscripting@1.8.0\Editor\VisualScripting.Core\Dependencies\DotNetZip\Unity.VisualScripting.IonicZip.dll
- Loaded All Assemblies, in  1.196 seconds
Refreshing native plugins compatible for Editor in 7.97 ms, found 3 plugins.
Native extension for WindowsStandalone target not found
Native extension for WebGL target not found
Mono: successfully reloaded assembly
- Finished resetting the current domain, in  2.819 seconds
Domain Reload Profiling: 4028ms
	BeginReloadAssembly (231ms)
		ExecutionOrderSort (0ms)
		DisableScriptedObjects (9ms)
		BackupInstance (0ms)
		ReleaseScriptingObjects (0ms)
		CreateAndSetChildDomain (66ms)
	RebuildCommonClasses (64ms)
	RebuildNativeTypeToScriptingClass (19ms)
	initialDomainReloadingComplete (44ms)
	LoadAllAssembliesAndSetupDomain (838ms)
		LoadAssemblies (409ms)
		RebuildTransferFunctionScriptingTraits (0ms)
		AnalyzeDomain (528ms)
			TypeCache.Refresh (519ms)
				TypeCache.ScanAssembly (497ms)
			ScanForSourceGeneratedMonoScriptInfo (0ms)
			ResolveRequiredComponents (9ms)
	FinalizeReload (2832ms)
		ReleaseScriptCaches (0ms)
		RebuildScriptCaches (0ms)
		SetupLoadedEditorAssemblies (1613ms)
			LogAssemblyErrors (0ms)
			InitializePlatformSupportModulesInManaged (31ms)
			SetLoadedEditorAssemblies (17ms)
			RefreshPlugins (0ms)
			BeforeProcessingInitializeOnLoad (168ms)
			ProcessInitializeOnLoadAttributes (1190ms)
			ProcessInitializeOnLoadMethodAttributes (192ms)
			AfterProcessingInitializeOnLoad (14ms)
			EditorAssembliesLoaded (1ms)
		ExecutionOrderSort2 (0ms)
		AwakeInstancesAfterBackupRestoration (36ms)
Refreshing native plugins compatible for Editor in 14.56 ms, found 3 plugins.
Preloading 0 native plugins for Editor in 0.00 ms.
Unloading 3209 Unused Serialized files (Serialized files now loaded: 0)
Unloading 34 unused Assets / (1.3 MB). Loaded Objects now: 3791.
Memory consumption went from 147.3 MB to 146.0 MB.
Total: 10.473600 ms (FindLiveObjects: 0.603700 ms CreateObjectMapping: 0.585400 ms MarkObjects: 8.634400 ms  DeleteObjects: 0.647100 ms)

Prepare: number of updated asset objects reloaded= 0
AssetImportParameters requested are different than current active one (requested -> active):
  custom:container-demuxer-ogg: 62fdf1f143b41e24485cea50d1cbac27 -> 
  custom:video-decoder-ogg-theora: a1e56fd34408186e4bbccfd4996cb3dc -> 
  custom:framework-win-MediaFoundation: 216162199b28c13a410421893ffa2e32 -> 
  custom:CustomObjectIndexerAttribute: 756ad292c208cfabdd7b50bc23989ffe -> 
  custom:container-demuxer-webm: 4f35f7cbe854078d1ac9338744f61a02 -> 
  custom:container-muxer-webm: aa71ff27fc2769a1b78a27578f13a17b -> 
  custom:video-decoder-webm-vp8: 9c59270c3fd7afecdb556c50c9e8de78 -> 
  custom:AudioImporter_EditorPlatform: d09bf68614088b80899f8185d706f6e7 -> 
  custom:video-encoder-webm-vp8: eb34c28f22e8b96e1ab97ce403110664 -> 
  custom:audio-decoder-ogg-vorbis: bf7c407c2cedff20999df2af8eb42d56 -> 
  custom:audio-encoder-webm-vorbis: bf7c407c2cedff20999df2af8eb42d56 -> 
